Arguments: 
  C:\Program Files\nodejs\node.exe C:\Users\siddh\AppData\Roaming\npm\pnpm-global\5\node_modules\.pnpm\@sanity+cli@2.12.0\node_modules\@sanity\cli\vendor\yarn install --json --non-interactive --ignore-engines --registry https://registry.npmjs.org

PATH: 
  C:\Users\siddh\Documents\GitHub\aurum\studio\node_modules\.bin;C:\Users\siddh\Documents\GitHub\aurum\node_modules\.bin;C:\Users\siddh\Documents\GitHub\node_modules\.bin;C:\Users\siddh\Documents\node_modules\.bin;C:\Users\siddh\node_modules\.bin;C:\Users\node_modules\.bin;C:\node_modules\.bin;C:\Program Files\nodejs;C:\Program Files\ImageMagick-7.1.0-Q16-HDRI;C:\Windows\system32;C:\Windows;C:\Windows\System32\Wbem;C:\Windows\System32\WindowsPowerShell\v1.0\;C:\Windows\System32\OpenSSH\;C:\Program Files\NVIDIA Corporation\NVIDIA NvDLISR;C:\Program Files\Git\cmd;C:\Users\siddh\AppData\Local\Microsoft\WindowsApps;C:\Users\siddh\AppData\Local\Programs\Microsoft VS Code\bin;C:\Users\siddh\AppData\Roaming\npm;C:\adb;C:\Android;C:\Users\siddh\AppData\Local\Programs\Python\Python38\Scripts\;C:\Users\siddh\AppData\Local\Programs\Python\Python38\;C:\WINDOWS\system32;C:\WINDOWS;C:\WINDOWS\System32\Wbem;C:\WINDOWS\System32\WindowsPowerShell\v1.0\;C:\WINDOWS\System32\OpenSSH\;C:\Program Files (x86)\NVIDIA Corporation\PhysX\Common;C:\Program Files\dotnet\;C:\Program Files\nodejs\;C:\Program Files (x86)\Yarn\bin\;C:\Users\siddh\AppData\Local\Programs\Python\Python38\Scripts\;C:\Users\siddh\AppData\Local\Programs\Python\Python38\;C:\Users\siddh\AppData\Local\Microsoft\WindowsApps;C:\Users\siddh\AppData\Local\Programs\Microsoft VS Code\bin;C:\Users\siddh\.deno\bin;C:\Users\siddh\spicetify-cli;C:\Users\siddh\AppData\Local\Microsoft\WindowsApps;C:\Program Files\Racket;C:\Users\siddh\AppData\Roaming\npm;C:\Users\siddh\AppData\Local\Yarn\bin;C:\Users\siddh\.dotnet\tools;C:\Program Files\mosquitto;

Yarn version: 
  1.22.10

Node version: 
  14.15.3

Platform: 
  win32 x64

Trace: 
  Error: ENOENT: no such file or directory, copyfile 'C:\Users\siddh\AppData\Local\Yarn\Cache\v6\npm-globals-13.11.0-40ef678da117fe7bd2e28f1fab24951bd0255be7-integrity\node_modules\globals\globals.json' -> 'C:\Users\siddh\Documents\GitHub\aurum\studio\node_modules\@eslint\eslintrc\node_modules\globals\globals.json'

npm manifest: 
  {
    "private": true,
    "name": "aurum-studio",
    "version": "1.0.12",
    "main": "package.json",
    "author": "Sanity <hello@sanity.io>",
    "scripts": {
      "dev": "sanity start",
      "format": "prettier-eslint --write \"**/*.js\" \"!node_modules/**\"",
      "build": "sanity build",
      "graphql-deploy": "sanity graphql deploy --playground",
      "lint": "eslint .",
      "test": "sanity check"
    },
    "dependencies": {
      "@sanity/base": "^2.12.2",
      "@sanity/cli": "^2.20.0",
      "@sanity/components": "^2.14.0",
      "@sanity/core": "^2.12.2",
      "@sanity/dashboard": "^2.10.5",
      "@sanity/default-layout": "^2.12.2",
      "@sanity/default-login": "^2.11.1",
      "@sanity/desk-tool": "^2.12.2",
      "date-fns": "^2.22.1",
      "prop-types": "^15.7.2",
      "react": "^17.0.2",
      "react-dom": "^17.0.2",
      "react-icons": "^4.2.0",
      "sanity-plugin-dashboard-widget-document-list": "^0.0.13",
      "sanity-plugin-dashboard-widget-netlify": "^1.1.0"
    },
    "devDependencies": {
      "babel-eslint": "^10.0.1",
      "eslint": "^7.30.0",
      "eslint-config-standard": "^16.0.3",
      "eslint-config-standard-react": "^11.0.1",
      "eslint-plugin-import": "^2.23.4",
      "eslint-plugin-node": "^11.1.0",
      "eslint-plugin-promise": "^5.1.0",
      "eslint-plugin-react": "^7.24.0",
      "eslint-plugin-standard": "^4.1.0",
      "prettier-eslint-cli": "^5.0.1"
    }
  }

yarn manifest: 
  No manifest

Lockfile: 
  No lockfile
